ANDROID/app/build/intermediates/manifest_merge_blame_file/debug/manifest-merger-blame-debug-report.txt
1<?xml version="1.0" encoding="utf-8"?>
2<manifest xmlns:android="http://schemas.android.com/apk/res/android"
3    package="com.thesis.android_challenge_w3"
4    android:versionCode="1"
5    android:versionName="1.0" >
6
7    <uses-sdk
8        android:minSdkVersion="23"
8-->src\main\AndroidManifest.xml
9        android:targetSdkVersion="30" />
9-->src\main\AndroidManifest.xml
10
11    <application
11-->src\main\AndroidManifest.xml:5:5-40:19
12        android:allowBackup="true"
12-->src\main\AndroidManifest.xml:6:9-35
13        android:appComponentFactory="androidx.core.app.CoreComponentFactory"
13-->[androidx.core:core:1.3.2] AndroidManifest.xml:24:18-86
14        android:debuggable="true"
15        android:extractNativeLibs="false"
16        android:icon="@mipmap/ic_launcher"
16-->src\main\AndroidManifest.xml:7:9-43
17        android:label="TEAM 10"
17-->src\main\AndroidManifest.xml:8:9-32
18        android:roundIcon="@mipmap/ic_app_round"
18-->src\main\AndroidManifest.xml:9:9-49
19        android:supportsRtl="true"
19-->src\main\AndroidManifest.xml:10:9-35
20        android:theme="@style/Theme.AndroidChallengeW3" >
20-->src\main\AndroidManifest.xml:11:9-56
21        <activity android:name="com.example.team10.restaurant.RestaurantActivity" />
21-->src\main\AndroidManifest.xml:12:9-76
21-->src\main\AndroidManifest.xml:12:19-64
22        <activity
22-->src\main\AndroidManifest.xml:13:9-22:20
23            android:name="com.example.team10.activity.splash.SplashActivity"
23-->src\main\AndroidManifest.xml:14:13-59
24            android:noHistory="true"
24-->src\main\AndroidManifest.xml:15:13-37
25            android:theme="@style/SplashTheme" >
25-->src\main\AndroidManifest.xml:16:13-47
26            <intent-filter>
26-->src\main\AndroidManifest.xml:17:13-21:29
27                <action android:name="android.intent.action.MAIN" />
27-->src\main\AndroidManifest.xml:18:17-69
27-->src\main\AndroidManifest.xml:18:25-66
28
29                <category android:name="android.intent.category.LAUNCHER" />
29-->src\main\AndroidManifest.xml:20:17-77
29-->src\main\AndroidManifest.xml:20:27-74
30            </intent-filter>
31        </activity>
32        <activity
32-->src\main\AndroidManifest.xml:23:9-25:40
33            android:name="com.example.team10.activity.boarding.BoardingOneActivity"
33-->src\main\AndroidManifest.xml:24:13-66
34            android:noHistory="true" />
34-->src\main\AndroidManifest.xml:25:13-37
35        <activity
35-->src\main\AndroidManifest.xml:26:9-28:40
36            android:name="com.example.team10.activity.boarding.BoardingTwoActivity"
36-->src\main\AndroidManifest.xml:27:13-66
37            android:noHistory="true" />
37-->src\main\AndroidManifest.xml:28:13-37
38        <activity
38-->src\main\AndroidManifest.xml:29:9-31:40
39            android:name="com.example.team10.activity.boarding.BoardingThreeActivity"
39-->src\main\AndroidManifest.xml:30:13-68
40            android:noHistory="true" />
40-->src\main\AndroidManifest.xml:31:13-37
41        <activity
41-->src\main\AndroidManifest.xml:32:9-34:40
42            android:name="com.example.team10.activity.welcome.WelcomeActivity"
42-->src\main\AndroidManifest.xml:33:13-61
43            android:noHistory="true" />
43-->src\main\AndroidManifest.xml:34:13-37
44        <activity
44-->src\main\AndroidManifest.xml:35:9-37:40
45            android:name="com.example.team10.activity.signup.SignUpActivity"
45-->src\main\AndroidManifest.xml:36:13-59
46            android:noHistory="true" />
46-->src\main\AndroidManifest.xml:37:13-37
47        <activity android:name="com.example.team10.activity.signin.SignInActivity" />
47-->src\main\AndroidManifest.xml:38:9-68
47-->src\main\AndroidManifest.xml:38:19-65
48        <activity android:name="com.example.team10.activity.profile.ProfileActivity" />
48-->src\main\AndroidManifest.xml:39:9-70
48-->src\main\AndroidManifest.xml:39:19-67
49
50        <provider
50-->[com.squareup.picasso:picasso:2.71828] AndroidManifest.xml:8:9-11:40
51            android:name="com.squareup.picasso.PicassoProvider"
51-->[com.squareup.picasso:picasso:2.71828] AndroidManifest.xml:9:13-64
52            android:authorities="com.thesis.android_challenge_w3.com.squareup.picasso"
52-->[com.squareup.picasso:picasso:2.71828] AndroidManifest.xml:10:13-72
53            android:exported="false" />
53-->[com.squareup.picasso:picasso:2.71828] AndroidManifest.xml:11:13-37
54    </application>
55
56</manifest>